<?xml version="1.0" encoding="UTF-8"?>
<!-- Generated by org.testng.reporters.JUnitXMLReporter -->
<testsuite hostname="DESKTOP-G84RU3C" ignored="1" name="Login to Hotel Page" tests="1" failures="0" timestamp="17 Jul 2020 00:11:00 GMT" time="17.231" errors="0">
  <testcase name="loginWithParameter" time="7.659" classname="Tests.HotelLogin"/>
  <testcase name="loginToHotelPage" time="0.0" classname="Tests.HotelLogin">
    <ignored/>
  </testcase> <!-- loginToHotelPage -->
</testsuite> <!-- Login to Hotel Page -->
