<?xml version="1.0" encoding="UTF-8"?>
<!-- Generated by org.testng.reporters.JUnitXMLReporter -->
<testsuite hostname="DESKTOP-G84RU3C" ignored="2" name="Login to Hotel Page" tests="14" failures="0" timestamp="12 Jul 2020 20:24:00 GMT" time="17.153" errors="0">
  <testcase name="checkTitle" time="0.035" classname="Tests.TestNGConcepts"/>
  <testcase name="checkTitle" time="0.001" classname="Tests.TestNGConcepts"/>
  <testcase name="checkTitle" time="0.002" classname="Tests.TestNGConcepts"/>
  <testcase name="checkTitle" time="0.003" classname="Tests.TestNGConcepts"/>
  <testcase name="checkTitle" time="0.002" classname="Tests.TestNGConcepts"/>
  <testcase name="checkTitle" time="0.003" classname="Tests.TestNGConcepts"/>
  <testcase name="checkTitle" time="0.004" classname="Tests.TestNGConcepts"/>
  <testcase name="checkTitle" time="0.002" classname="Tests.TestNGConcepts"/>
  <testcase name="checkTitle" time="0.002" classname="Tests.TestNGConcepts"/>
  <testcase name="checkTitle" time="0.002" classname="Tests.TestNGConcepts"/>
  <testcase name="customerTest" time="0.004" classname="Tests.TestNGConcepts"/>
  <testcase name="dashBoard" time="0.003" classname="Tests.TestNGConcepts"/>
  <testcase name="logOut" time="0.002" classname="Tests.TestNGConcepts"/>
  <testcase name="createAccount" time="5.455" classname="Tests.SmokeTest"/>
  <testcase name="signIn" time="0.0" classname="Tests.TestNGConcepts">
    <ignored/>
  </testcase> <!-- signIn -->
  <testcase name="homePage" time="0.0" classname="Tests.TestNGConcepts">
    <ignored/>
  </testcase> <!-- homePage -->
</testsuite> <!-- Login to Hotel Page -->
